

> frontend@0.0.0 build
> next build

[1G[0K[?25l [37m[1m [22m[39m Creating an optimized production build  [36m.[39m[2K[1G [37m[1m [22m[39m Creating an optimized production build  [36m..[39m[2K[1G [37m[1m [22m[39m Creating an optimized production build  [36m...[39m[2K[1G [37m[1m [22m[39m Creating an optimized production build  [36m.[39m[2K[1G [37m[1m [22m[39m Creating an optimized production build  [36m..[39m[2K[1G [37m[1m [22m[39m Creating an optimized production build  [36m...[39m[2K[1G [37m[1m [22m[39m Creating an optimized production build  [36m.[39m[2K[1G [37m[1m [22m[39m Creating an optimized production build  [36m..[39m[2K[1G [37m[1m [22m[39m Creating an optimized production build  [36m...[39m[2K[1G [37m[1m [22m[39m Creating an optimized production build  [36m.[39m[2K[1G [37m[1m [22m[39m Creating an optimized production build  [36m..[39m[2K[1G [37m[1m [22m[39m Creating an optimized production build  [36m...[39m[2K[1G[?25h [37m[1m [22m[39m Creating an optimized production build     [32m[1m✓[22m[39m Creating an optimized production build 
 [32m[1m✓[22m[39m Compiled successfully
[?25l [37m[1m [22m[39m Linting and checking validity of types  [36m.[39m[2K[1G [37m[1m [22m[39m Linting and checking validity of types  [36m..[39m[2K[1G [37m[1m [22m[39m Linting and checking validity of types  [36m...[39m[2K[1G [37m[1m [22m[39m Linting and checking validity of types  [36m.[39m[2K[1G [37m[1m [22m[39m Linting and checking validity of types  [36m..[39m[2K[1G[?25h [37m[1m [22m[39m Linting and checking validity of types     [32m[1m✓[22m[39m Linting and checking validity of types 
[?25l [37m[1m [22m[39m Collecting page data  [36m.[39m[2K[1G[?25h [37m[1m [22m[39m Collecting page data     [32m[1m✓[22m[39m Collecting page data 
[?25l [37m[1m [22m[39m Generating static pages (0/4)  [36m[    ][39m[2K[1G [37m[1m [22m[39m Generating static pages (0/4)  [36m[=   ][39m[2K[1G[?25h [32m[1m✓[22m[39m Generating static pages (4/4) 
[?25l [37m[1m [22m[39m Finalizing page optimization  [36m.[39m[?25l [37m[1m [22m[39m Collecting build traces  [36m.[39m[2K[1G [37m[1m [22m[39m Finalizing page optimization  [36m..[39m[2K[1G [37m[1m [22m[39m Collecting build traces  [36m..[39m[2K[1G [37m[1m [22m[39m Finalizing page optimization  [36m...[39m[2K[1G [37m[1m [22m[39m Collecting build traces  [36m...[39m[2K[1G [37m[1m [22m[39m Finalizing page optimization  [36m.[39m[2K[1G [37m[1m [22m[39m Collecting build traces  [36m.[39m[2K[1G [37m[1m [22m[39m Finalizing page optimization  [36m..[39m[2K[1G [37m[1m [22m[39m Collecting build traces  [36m..[39m[2K[1G [37m[1m [22m[39m Finalizing page optimization  [36m...[39m[2K[1G [37m[1m [22m[39m Collecting build traces  [36m...[39m[2K[1G [37m[1m [22m[39m Finalizing page optimization  [36m.[39m[2K[1G [37m[1m [22m[39m Collecting build traces  [36m.[39m[2K[1G [37m[1m [22m[39m Finalizing page optimization  [36m..[39m[2K[1G [37m[1m [22m[39m Collecting build traces  [36m..[39m[2K[1G [37m[1m [22m[39m Finalizing page optimization  [36m...[39m[2K[1G [37m[1m [22m[39m Collecting build traces  [36m...[39m[2K[1G [37m[1m [22m[39m Finalizing page optimization  [36m.[39m[2K[1G [37m[1m [22m[39m Collecting build traces  [36m.[39m[2K[1G [37m[1m [22m[39m Finalizing page optimization  [36m..[39m[2K[1G [37m[1m [22m[39m Collecting build traces  [36m..[39m[2K[1G [37m[1m [22m[39m Finalizing page optimization  [36m...[39m[2K[1G [37m[1m [22m[39m Collecting build traces  [36m...[39m[2K[1G [37m[1m [22m[39m Finalizing page optimization  [36m.[39m[2K[1G [37m[1m [22m[39m Collecting build traces  [36m.[39m[2K[1G [37m[1m [22m[39m Finalizing page optimization  [36m..[39m[2K[1G [37m[1m [22m[39m Collecting build traces  [36m..[39m[2K[1G[?25h [37m[1m [22m[39m Collecting build traces     [32m[1m✓[22m[39m Collecting build traces 
[2K[1G[?25h [37m[1m [22m[39m Finalizing page optimization     [32m[1m✓[22m[39m Finalizing page optimization 

[4mRoute (app)[24m                              [4mSize[24m     [4mFirst Load JS[24m
┌ ○ /                                    23.9 kB         [32m104 kB[39m
└ ○ /_not-found                          874 B          [32m81.4 kB[39m
+ First Load JS shared by all            [32m80.5 kB[39m
  ├ chunks/1dd3208c-28fc76d470a18ae9.js  51.1 kB
  ├ chunks/53-4b6bc1ac2110294c.js        27.5 kB
  ├ chunks/main-app-bf0a3c0a81cab2ab.js  231 B
  └ chunks/webpack-78db23af92d1c4ad.js   1.75 kB


○  (Static)  automatically rendered as static HTML (uses no initial props)

[?25h[1G[0K⠙[1G[0K
